[01m[K/home/jibacem/MASTER/TFM/ros2_ws/src/controlador_plataforma/src/main.cpp:[m[K In function â€˜[01m[Kint[01;32m[K main[m[K(int, char**)[m[Kâ€™:
[01m[K/home/jibacem/MASTER/TFM/ros2_ws/src/controlador_plataforma/src/main.cpp:18:10:[m[K [01;31m[Kerror: [m[Kconflicting declaration â€˜[01m[Kauto pub_AL[m[Kâ€™
   18 |     auto [01;31m[Kpub_AL[m[K = node->create_publisher<sensor_msgs::msg::JointState>("/AL/joint_states",10);
      |          [01;31m[K^~~~~~[m[K
[01m[K/home/jibacem/MASTER/TFM/ros2_ws/src/controlador_plataforma/src/main.cpp:17:10:[m[K [01;36m[Knote: [m[Kprevious declaration as â€˜[01m[Kstd::shared_ptr<rclcpp::Publisher<sensor_msgs::msg::JointState_<std::allocator<void> >, std::allocator<void> > > pub_AL[m[Kâ€™
   17 |     auto [01;36m[Kpub_AL[m[K = node->create_publisher<sensor_msgs::msg::JointState>("/AL/joint_states",10);
      |          [01;36m[K^~~~~~[m[K
In file included from [01m[K/home/jibacem/MASTER/TFM/ros2_ws/src/controlador_plataforma/src/main.cpp:1[m[K:
[01m[K/home/jibacem/MASTER/TFM/ros2_ws/src/controlador_plataforma/src/main.cpp:36:22:[m[K [01;31m[Kerror: [m[Kâ€˜[01m[Krow[m[Kâ€™ was not declared in this scope; did you mean â€˜[01m[Krmw[m[Kâ€™?
   36 |     getmaxyx(stdscr, [01;31m[Krow[m[K, col); //introducir en las variables row y col el tamaÃ±o ode la ventana
      |                      [01;31m[K^~~[m[K
[01m[K/home/jibacem/MASTER/TFM/ros2_ws/src/controlador_plataforma/src/main.cpp:36:27:[m[K [01;31m[Kerror: [m[Kâ€˜[01m[Kcol[m[Kâ€™ was not declared in this scope; did you mean â€˜[01m[Kcosl[m[Kâ€™?
   36 |     getmaxyx(stdscr, row, [01;31m[Kcol[m[K); //introducir en las variables row y col el tamaÃ±o ode la ventana
      |                           [01;31m[K^~~[m[K
[01m[K/home/jibacem/MASTER/TFM/ros2_ws/src/controlador_plataforma/src/main.cpp:46:20:[m[K [01;35m[Kwarning: [m[Kthe address of â€˜[01m[Kbool rclcpp::[01;32m[Kok[m[K(Context::SharedPtr)[m[Kâ€™ will never be NULL [[01;35m[K]8;;https://gcc.gnu.org/onlinedocs/gcc/Warning-Options.html#index-Waddress-Waddress]8;;[m[K]
   46 |     while ([01;35m[Krclcpp::ok[m[K) {
      |            [01;35m[K~~~~~~~~^~[m[K
In file included from [01m[K/opt/ros/jazzy/include/rclcpp/rclcpp/logging.hpp:25[m[K,
                 from [01m[K/opt/ros/jazzy/include/rclcpp/rclcpp/copy_all_parameter_values.hpp:27[m[K,
                 from [01m[K/opt/ros/jazzy/include/rclcpp/rclcpp/rclcpp.hpp:171[m[K,
                 from [01m[K/home/jibacem/MASTER/TFM/ros2_ws/src/controlador_plataforma/src/main.cpp:6[m[K:
[01m[K/opt/ros/jazzy/include/rclcpp/rclcpp/utilities.hpp:176:1:[m[K [01;36m[Knote: [m[Kâ€˜[01m[Kbool rclcpp::[01;32m[Kok[m[K(Context::SharedPtr)[m[Kâ€™ declared here
  176 | [01;36m[Kok[m[K(rclcpp::Context::SharedPtr context = nullptr);
      | [01;36m[K^~[m[K
[01m[K/home/jibacem/MASTER/TFM/ros2_ws/src/controlador_plataforma/src/main.cpp:190:39:[m[K [01;31m[Kerror: [m[Kâ€˜[01m[KDEG2RAD[m[Kâ€™ was not declared in this scope
  190 |                 js.position.push_back([01;31m[KDEG2RAD[m[K(al[i]));
      |                                       [01;31m[K^~~~~~~[m[K
[01m[K/home/jibacem/MASTER/TFM/ros2_ws/src/controlador_plataforma/src/main.cpp:210:39:[m[K [01;31m[Kerror: [m[Kâ€˜[01m[KDEG2RAD[m[Kâ€™ was not declared in this scope
  210 |                 js.position.push_back([01;31m[KDEG2RAD[m[K(ar[i]));
      |                                       [01;31m[K^~~~~~~[m[K
[01m[K/home/jibacem/MASTER/TFM/ros2_ws/src/controlador_plataforma/src/main.cpp:211:13:[m[K [01;31m[Kerror: [m[Kâ€˜[01m[Kpub_AR[m[Kâ€™ was not declared in this scope; did you mean â€˜[01m[Kpub_AL[m[Kâ€™?
  211 |             [01;31m[Kpub_AR[m[K->publish(js);
      |             [01;31m[K^~~~~~[m[K
      |             [32m[Kpub_AL[m[K
[01m[K/home/jibacem/MASTER/TFM/ros2_ws/src/controlador_plataforma/src/main.cpp:[m[K At global scope:
[01m[K/home/jibacem/MASTER/TFM/ros2_ws/src/controlador_plataforma/src/main.cpp:219:13:[m[K [01;31m[Kerror: [m[Kexpected constructor, destructor, or type conversion before â€˜[01m[K;[m[Kâ€™ token
  219 |     endwin()[01;31m[K;[m[K
      |             [01;31m[K^[m[K
[01m[K/home/jibacem/MASTER/TFM/ros2_ws/src/controlador_plataforma/src/main.cpp:220:23:[m[K [01;31m[Kerror: [m[Kexpected constructor, destructor, or type conversion before â€˜[01m[K;[m[Kâ€™ token
  220 |     rclcpp::shutdown()[01;31m[K;[m[K
      |                       [01;31m[K^[m[K
[01m[K/home/jibacem/MASTER/TFM/ros2_ws/src/controlador_plataforma/src/main.cpp:221:5:[m[K [01;31m[Kerror: [m[Kexpected unqualified-id before â€˜[01m[Kreturn[m[Kâ€™
  221 |     [01;31m[Kreturn[m[K 0;
      |     [01;31m[K^~~~~~[m[K
[01m[K/home/jibacem/MASTER/TFM/ros2_ws/src/controlador_plataforma/src/main.cpp:222:1:[m[K [01;31m[Kerror: [m[Kexpected declaration before â€˜[01m[K}[m[Kâ€™ token
  222 | [01;31m[K}[m[K
      | [01;31m[K^[m[K
gmake[2]: *** [CMakeFiles/controlador_plataforma_node.dir/build.make:76: CMakeFiles/controlador_plataforma_node.dir/src/main.cpp.o] Error 1
gmake[1]: *** [CMakeFiles/Makefile2:137: CMakeFiles/controlador_plataforma_node.dir/all] Error 2
gmake: *** [Makefile:146: all] Error 2
