[0.011s] Invoking command in '/home/jibacem/MASTER/TFM/ros2_ws/build/controlador_plataforma': CMAKE_PREFIX_PATH=${CMAKE_PREFIX_PATH}:/opt/ros/jazzy DEBUGINFOD_URLS=https://debuginfod.ubuntu.com /usr/bin/cmake /home/jibacem/MASTER/TFM/ros2_ws/src/controlador_plataforma -DCMAKE_INSTALL_PREFIX=/home/jibacem/MASTER/TFM/ros2_ws/install/controlador_plataforma
[0.071s] -- The C compiler identification is GNU 13.3.0
[0.143s] -- The CXX compiler identification is GNU 13.3.0
[0.161s] -- Detecting C compiler ABI info
[0.258s] -- Detecting C compiler ABI info - done
[0.270s] -- Check for working C compiler: /usr/bin/cc - skipped
[0.270s] -- Detecting C compile features
[0.271s] -- Detecting C compile features - done
[0.281s] -- Detecting CXX compiler ABI info
[0.390s] -- Detecting CXX compiler ABI info - done
[0.401s] -- Check for working CXX compiler: /usr/bin/c++ - skipped
[0.402s] -- Detecting CXX compile features
[0.402s] -- Detecting CXX compile features - done
[0.406s] -- Found ament_cmake: 2.5.4 (/opt/ros/jazzy/share/ament_cmake/cmake)
[0.571s] -- Found Python3: /usr/bin/python3 (found version "3.12.3") found components: Interpreter 
[0.686s] -- Found rclcpp: 28.1.10 (/opt/ros/jazzy/share/rclcpp/cmake)
[0.733s] -- Found rosidl_generator_c: 4.6.5 (/opt/ros/jazzy/share/rosidl_generator_c/cmake)
[0.749s] -- Found rosidl_generator_cpp: 4.6.5 (/opt/ros/jazzy/share/rosidl_generator_cpp/cmake)
[0.767s] -- Using all available rosidl_typesupport_c: rosidl_typesupport_fastrtps_c;rosidl_typesupport_introspection_c
[0.788s] -- Using all available rosidl_typesupport_cpp: rosidl_typesupport_fastrtps_cpp;rosidl_typesupport_introspection_cpp
[0.885s] -- Found rmw_implementation_cmake: 7.3.2 (/opt/ros/jazzy/share/rmw_implementation_cmake/cmake)
[0.888s] -- Found rmw_fastrtps_cpp: 8.4.2 (/opt/ros/jazzy/share/rmw_fastrtps_cpp/cmake)
[0.972s] -- Found OpenSSL: /usr/lib/x86_64-linux-gnu/libcrypto.so (found version "3.0.13")  
[0.996s] -- Found FastRTPS: /opt/ros/jazzy/include (Required is at least version "2.13") 
[1.025s] -- Using RMW implementation 'rmw_fastrtps_cpp' as default
[1.120s] -- Found geometry_msgs: 5.3.6 (/opt/ros/jazzy/share/geometry_msgs/cmake)
[1.164s] -- Found sensor_msgs: 5.3.6 (/opt/ros/jazzy/share/sensor_msgs/cmake)
[1.256s] -- Found Curses: /usr/lib/x86_64-linux-gnu/libcurses.so  
[1.365s] -- Configuring done (1.3s)
[1.383s] -- Generating done (0.0s)
[1.388s] -- Build files have been written to: /home/jibacem/MASTER/TFM/ros2_ws/build/controlador_plataforma
[1.400s] Invoked command in '/home/jibacem/MASTER/TFM/ros2_ws/build/controlador_plataforma' returned '0': CMAKE_PREFIX_PATH=${CMAKE_PREFIX_PATH}:/opt/ros/jazzy DEBUGINFOD_URLS=https://debuginfod.ubuntu.com /usr/bin/cmake /home/jibacem/MASTER/TFM/ros2_ws/src/controlador_plataforma -DCMAKE_INSTALL_PREFIX=/home/jibacem/MASTER/TFM/ros2_ws/install/controlador_plataforma
[1.402s] Invoking command in '/home/jibacem/MASTER/TFM/ros2_ws/build/controlador_plataforma': CMAKE_PREFIX_PATH=${CMAKE_PREFIX_PATH}:/opt/ros/jazzy DEBUGINFOD_URLS=https://debuginfod.ubuntu.com /usr/bin/cmake --build /home/jibacem/MASTER/TFM/ros2_ws/build/controlador_plataforma -- -j8 -l8
[1.459s] [ 50%] [32mBuilding CXX object CMakeFiles/controlador_plataforma_node.dir/src/main.cpp.o[0m
[3.984s] [01m[K/home/jibacem/MASTER/TFM/ros2_ws/src/controlador_plataforma/src/main.cpp:[m[K In function â€˜[01m[Kint[01;32m[K main[m[K(int, char**)[m[Kâ€™:
[3.984s] [01m[K/home/jibacem/MASTER/TFM/ros2_ws/src/controlador_plataforma/src/main.cpp:18:10:[m[K [01;31m[Kerror: [m[Kconflicting declaration â€˜[01m[Kauto pub_AL[m[Kâ€™
[3.985s]    18 |     auto [01;31m[Kpub_AL[m[K = node->create_publisher<sensor_msgs::msg::JointState>("/AL/joint_states",10);
[3.985s]       |          [01;31m[K^~~~~~[m[K
[3.985s] [01m[K/home/jibacem/MASTER/TFM/ros2_ws/src/controlador_plataforma/src/main.cpp:17:10:[m[K [01;36m[Knote: [m[Kprevious declaration as â€˜[01m[Kstd::shared_ptr<rclcpp::Publisher<sensor_msgs::msg::JointState_<std::allocator<void> >, std::allocator<void> > > pub_AL[m[Kâ€™
[3.985s]    17 |     auto [01;36m[Kpub_AL[m[K = node->create_publisher<sensor_msgs::msg::JointState>("/AL/joint_states",10);
[3.985s]       |          [01;36m[K^~~~~~[m[K
[3.989s] In file included from [01m[K/home/jibacem/MASTER/TFM/ros2_ws/src/controlador_plataforma/src/main.cpp:1[m[K:
[3.989s] [01m[K/home/jibacem/MASTER/TFM/ros2_ws/src/controlador_plataforma/src/main.cpp:36:22:[m[K [01;31m[Kerror: [m[Kâ€˜[01m[Krow[m[Kâ€™ was not declared in this scope; did you mean â€˜[01m[Krmw[m[Kâ€™?
[3.989s]    36 |     getmaxyx(stdscr, [01;31m[Krow[m[K, col); //introducir en las variables row y col el tamaÃ±o ode la ventana
[3.989s]       |                      [01;31m[K^~~[m[K
[3.993s] [01m[K/home/jibacem/MASTER/TFM/ros2_ws/src/controlador_plataforma/src/main.cpp:36:27:[m[K [01;31m[Kerror: [m[Kâ€˜[01m[Kcol[m[Kâ€™ was not declared in this scope; did you mean â€˜[01m[Kcosl[m[Kâ€™?
[3.993s]    36 |     getmaxyx(stdscr, row, [01;31m[Kcol[m[K); //introducir en las variables row y col el tamaÃ±o ode la ventana
[3.993s]       |                           [01;31m[K^~~[m[K
[3.993s] [01m[K/home/jibacem/MASTER/TFM/ros2_ws/src/controlador_plataforma/src/main.cpp:46:20:[m[K [01;35m[Kwarning: [m[Kthe address of â€˜[01m[Kbool rclcpp::[01;32m[Kok[m[K(Context::SharedPtr)[m[Kâ€™ will never be NULL [[01;35m[K]8;;https://gcc.gnu.org/onlinedocs/gcc/Warning-Options.html#index-Waddress-Waddress]8;;[m[K]
[3.993s]    46 |     while ([01;35m[Krclcpp::ok[m[K) {
[3.993s]       |            [01;35m[K~~~~~~~~^~[m[K
[3.993s] In file included from [01m[K/opt/ros/jazzy/include/rclcpp/rclcpp/logging.hpp:25[m[K,
[3.993s]                  from [01m[K/opt/ros/jazzy/include/rclcpp/rclcpp/copy_all_parameter_values.hpp:27[m[K,
[3.993s]                  from [01m[K/opt/ros/jazzy/include/rclcpp/rclcpp/rclcpp.hpp:171[m[K,
[3.994s]                  from [01m[K/home/jibacem/MASTER/TFM/ros2_ws/src/controlador_plataforma/src/main.cpp:6[m[K:
[3.994s] [01m[K/opt/ros/jazzy/include/rclcpp/rclcpp/utilities.hpp:176:1:[m[K [01;36m[Knote: [m[Kâ€˜[01m[Kbool rclcpp::[01;32m[Kok[m[K(Context::SharedPtr)[m[Kâ€™ declared here
[3.994s]   176 | [01;36m[Kok[m[K(rclcpp::Context::SharedPtr context = nullptr);
[3.994s]       | [01;36m[K^~[m[K
[4.004s] [01m[K/home/jibacem/MASTER/TFM/ros2_ws/src/controlador_plataforma/src/main.cpp:190:39:[m[K [01;31m[Kerror: [m[Kâ€˜[01m[KDEG2RAD[m[Kâ€™ was not declared in this scope
[4.004s]   190 |                 js.position.push_back([01;31m[KDEG2RAD[m[K(al[i]));
[4.004s]       |                                       [01;31m[K^~~~~~~[m[K
[4.013s] [01m[K/home/jibacem/MASTER/TFM/ros2_ws/src/controlador_plataforma/src/main.cpp:210:39:[m[K [01;31m[Kerror: [m[Kâ€˜[01m[KDEG2RAD[m[Kâ€™ was not declared in this scope
[4.014s]   210 |                 js.position.push_back([01;31m[KDEG2RAD[m[K(ar[i]));
[4.014s]       |                                       [01;31m[K^~~~~~~[m[K
[4.018s] [01m[K/home/jibacem/MASTER/TFM/ros2_ws/src/controlador_plataforma/src/main.cpp:211:13:[m[K [01;31m[Kerror: [m[Kâ€˜[01m[Kpub_AR[m[Kâ€™ was not declared in this scope; did you mean â€˜[01m[Kpub_AL[m[Kâ€™?
[4.018s]   211 |             [01;31m[Kpub_AR[m[K->publish(js);
[4.018s]       |             [01;31m[K^~~~~~[m[K
[4.018s]       |             [32m[Kpub_AL[m[K
[4.020s] [01m[K/home/jibacem/MASTER/TFM/ros2_ws/src/controlador_plataforma/src/main.cpp:[m[K At global scope:
[4.020s] [01m[K/home/jibacem/MASTER/TFM/ros2_ws/src/controlador_plataforma/src/main.cpp:219:13:[m[K [01;31m[Kerror: [m[Kexpected constructor, destructor, or type conversion before â€˜[01m[K;[m[Kâ€™ token
[4.020s]   219 |     endwin()[01;31m[K;[m[K
[4.020s]       |             [01;31m[K^[m[K
[4.020s] [01m[K/home/jibacem/MASTER/TFM/ros2_ws/src/controlador_plataforma/src/main.cpp:220:23:[m[K [01;31m[Kerror: [m[Kexpected constructor, destructor, or type conversion before â€˜[01m[K;[m[Kâ€™ token
[4.020s]   220 |     rclcpp::shutdown()[01;31m[K;[m[K
[4.020s]       |                       [01;31m[K^[m[K
[4.021s] [01m[K/home/jibacem/MASTER/TFM/ros2_ws/src/controlador_plataforma/src/main.cpp:221:5:[m[K [01;31m[Kerror: [m[Kexpected unqualified-id before â€˜[01m[Kreturn[m[Kâ€™
[4.021s]   221 |     [01;31m[Kreturn[m[K 0;
[4.021s]       |     [01;31m[K^~~~~~[m[K
[4.021s] [01m[K/home/jibacem/MASTER/TFM/ros2_ws/src/controlador_plataforma/src/main.cpp:222:1:[m[K [01;31m[Kerror: [m[Kexpected declaration before â€˜[01m[K}[m[Kâ€™ token
[4.021s]   222 | [01;31m[K}[m[K
[4.021s]       | [01;31m[K^[m[K
[5.340s] gmake[2]: *** [CMakeFiles/controlador_plataforma_node.dir/build.make:76: CMakeFiles/controlador_plataforma_node.dir/src/main.cpp.o] Error 1
[5.341s] gmake[1]: *** [CMakeFiles/Makefile2:137: CMakeFiles/controlador_plataforma_node.dir/all] Error 2
[5.341s] gmake: *** [Makefile:146: all] Error 2
[5.344s] Invoked command in '/home/jibacem/MASTER/TFM/ros2_ws/build/controlador_plataforma' returned '2': CMAKE_PREFIX_PATH=${CMAKE_PREFIX_PATH}:/opt/ros/jazzy DEBUGINFOD_URLS=https://debuginfod.ubuntu.com /usr/bin/cmake --build /home/jibacem/MASTER/TFM/ros2_ws/build/controlador_plataforma -- -j8 -l8
