[0.011s] Invoking command in '/home/jibacem/MASTER/TFM/ros2_ws/build/controlador_plataforma': CMAKE_PREFIX_PATH=${CMAKE_PREFIX_PATH}:/opt/ros/jazzy DEBUGINFOD_URLS=https://debuginfod.ubuntu.com /usr/bin/cmake --build /home/jibacem/MASTER/TFM/ros2_ws/build/controlador_plataforma -- -j8 -l8
[0.080s] [ 50%] [32mBuilding CXX object CMakeFiles/controlador_plataforma_node.dir/src/main.cpp.o[0m
[2.684s] [01m[K/home/jibacem/MASTER/TFM/ros2_ws/src/controlador_plataforma/src/main.cpp:[m[K In function â€˜[01m[Kint[01;32m[K main[m[K(int, char**)[m[Kâ€™:
[2.684s] [01m[K/home/jibacem/MASTER/TFM/ros2_ws/src/controlador_plataforma/src/main.cpp:27:9:[m[K [01;35m[Kwarning: [m[Kvariable â€˜[01m[Krow[m[Kâ€™ set but not used [[01;35m[K]8;;https://gcc.gnu.org/onlinedocs/gcc/Warning-Options.html#index-Wunused-but-set-variable-Wunused-but-set-variable]8;;[m[K]
[2.684s]    27 |     int [01;35m[Krow[m[K,col;
[2.685s]       |         [01;35m[K^~~[m[K
[2.685s] [01m[K/home/jibacem/MASTER/TFM/ros2_ws/src/controlador_plataforma/src/main.cpp:[m[K At global scope:
[2.686s] [01m[K/home/jibacem/MASTER/TFM/ros2_ws/src/controlador_plataforma/src/main.cpp:226:13:[m[K [01;31m[Kerror: [m[Kexpected constructor, destructor, or type conversion before â€˜[01m[K;[m[Kâ€™ token
[2.686s]   226 |     endwin()[01;31m[K;[m[K
[2.686s]       |             [01;31m[K^[m[K
[2.686s] [01m[K/home/jibacem/MASTER/TFM/ros2_ws/src/controlador_plataforma/src/main.cpp:227:23:[m[K [01;31m[Kerror: [m[Kexpected constructor, destructor, or type conversion before â€˜[01m[K;[m[Kâ€™ token
[2.686s]   227 |     rclcpp::shutdown()[01;31m[K;[m[K
[2.686s]       |                       [01;31m[K^[m[K
[2.686s] [01m[K/home/jibacem/MASTER/TFM/ros2_ws/src/controlador_plataforma/src/main.cpp:228:5:[m[K [01;31m[Kerror: [m[Kexpected unqualified-id before â€˜[01m[Kreturn[m[Kâ€™
[2.686s]   228 |     [01;31m[Kreturn[m[K 0;
[2.686s]       |     [01;31m[K^~~~~~[m[K
[2.686s] [01m[K/home/jibacem/MASTER/TFM/ros2_ws/src/controlador_plataforma/src/main.cpp:229:1:[m[K [01;31m[Kerror: [m[Kexpected declaration before â€˜[01m[K}[m[Kâ€™ token
[2.686s]   229 | [01;31m[K}[m[K
[2.686s]       | [01;31m[K^[m[K
[4.026s] gmake[2]: *** [CMakeFiles/controlador_plataforma_node.dir/build.make:76: CMakeFiles/controlador_plataforma_node.dir/src/main.cpp.o] Error 1
[4.026s] gmake[1]: *** [CMakeFiles/Makefile2:137: CMakeFiles/controlador_plataforma_node.dir/all] Error 2
[4.027s] gmake: *** [Makefile:146: all] Error 2
[4.030s] Invoked command in '/home/jibacem/MASTER/TFM/ros2_ws/build/controlador_plataforma' returned '2': CMAKE_PREFIX_PATH=${CMAKE_PREFIX_PATH}:/opt/ros/jazzy DEBUGINFOD_URLS=https://debuginfod.ubuntu.com /usr/bin/cmake --build /home/jibacem/MASTER/TFM/ros2_ws/build/controlador_plataforma -- -j8 -l8
